<?xml version="1.0" encoding="UTF-8"?>
<!-- Generated by org.testng.reporters.JUnitReportReporter -->
<testsuite hostname="DESKTOP-DABVNJB" failures="0" tests="1" name="JavaClassPackage.JavaClass" time="4.642" errors="0" timestamp="2024-03-09T23:41:01 AST" skipped="0">
  <testcase classname="JavaClassPackage.JavaClass" name="mysecondTest" time="4.642"/>
  <system-out/>
</testsuite> <!-- JavaClassPackage.JavaClass -->
